"x"
1402.03047953099
1403.00536479666
1391.01352047131
1395.30672141524
1388.73122166802
1367.74394713917
1368.66363879645
1368.42700676055
1408.19810924579
1388.73314940393
1389.45048580311
1387.72633045833
1382.7710742606
1372.45922824762
1368.43556519459
1367.31363813061
1399.92896901525
1388.36722896317
1383.62202969885
1383.58669198568
1378.85813450295
1379.96203386539
1378.25581559854
1375.01387087013
1376.47539666608
1372.31229041462
1376.09757699454
1372.98320311727
1369.7940628318
1369.74600378014
1369.63613730628
1369.89322498521
1369.14222060713
1370.70281725851
1370.70583090762
1368.5376089303
1372.42018841302
1371.57228095749
1375.82415205284
1372.41488871711
1372.45979581792
1370.96783216066
1370.88101915406
1368.87774881713
1369.96558881825
1369.61903066392
1368.20821799594
1368.65597009658
1368.65597009658
1369.38385835931
1369.15901395086
1369.37421345015
1370.30673214143
1365.62905770805
1365.95958195969
1364.77783223546
1364.60849314584
1364.24724012714
1362.3237632933
1369.36904701736
1391.16065606084
1391.13787529326
1390.18638840054
1391.0179118652
1390.85103008807
1379.67814988641
1378.67790410725
1371.08786458664
1371.01741942505
1371.42485556555
1370.54585170766
1368.3468408702
1363.28706364008
1359.06573399998
1362.31285861052
1357.69489158627
1356.22461594424
1356.1986944944
1356.1986944944
1356.82535742032
1356.03989150819
1355.69939778156
1357.13814571553
1356.4255254165
1353.96958665912
1353.96958665912
1416.63416290579
1413.97770087709
1403.27056831505
1395.72736759644
1390.67781121242
1389.7459342111
1381.93515345976
1377.2227084449
1378.6554716504
1379.58544408982
1380.74525424244
1378.79609193078
1379.52469791319
1378.92616961378
1379.07794626631
1375.80340577762
1395.18323080687
1378.59651473323
1494.7745356482
1454.1505025707
1381.22844035915
1379.52715839725
1377.6075717508
1411.55098910131
1373.99320382933
1373.88951752572
1375.28797495224
1398.6317444574
1388.36129988772
1442.9834140198
1409.50850177899
1401.0375622928
1391.42497306813
1383.56103936944
1382.99400154768
1384.75597442602
1387.12579714558
1390.20134558721
1381.78335002499
1376.49646302183
1363.53924899722
1361.82382362535
1364.10307390997
1358.0485767232
1357.45269653447
1352.31788088434
1352.63918017709
1347.92587295355
1349.101775701
1349.16068883669
1351.3996156853
1351.00290967839
1355.70026309521
1355.31458751858
1352.88808981881
1353.13060529873
1353.98617940719
1352.75924772912
1339.62437891797
1338.57982807143
1339.81883057276
1338.95395698787
1337.97542268921
1338.96475522491
1354.84654242921
1357.71266318535
1342.95046661258
1341.11253806906
1341.12478180555
1341.73358766166
1341.05118338332
1339.96699404948
1340.19613088097
1340.04250959522
1340.39801090731
1340.1205400718
1340.12694989447
1340.20417905932
1340.06745151091
1339.09622665297
1339.25378680347
1339.61117928447
1341.01576375181
1339.26226891468
1339.54918585673
1343.0576117164
1442.90663110227
1434.77995545795
1416.98576489375
1416.29331497156
1415.2933297549
1412.53142497744
1426.9740628971
1427.06755333082
1423.64890197552
1416.70383435901
1406.56927447947
1427.29427494388
1405.6783664899
1406.31248918943
1405.7213345854
1405.70992810433
1407.03399786714
1406.88772925352
1406.51894463332
1399.37684619829
1396.73312198506
1395.45600006548
1429.56457977625
1403.58801989163
1400.87251102069
1395.03052430656
1394.29360398606
1415.94746166261
1409.45697673282
1403.0446957514
1422.98265312569
1402.79494464423
1409.40295226722
1409.46474147949
1397.00901204574
1393.21005833224
1393.51399873998
1396.86434300296
1389.97784868881
1440.98906526676
1427.19012117006
1402.87457573386
1393.18718434855
1391.74937038283
1388.23659866074
1391.81889500118
1393.08476174367
1395.22447509369
1396.38852119753
1393.46551862267
1391.7239152989
1450.96379742816
1413.167746065
1397.88898424183
1394.0034356565
1395.69555588127
1393.82729304484
1393.17118067016
1394.6150327221
1395.50071479009
1396.53322497633
1397.77322414922
1442.42726188551
1419.6261567784
1413.98420114852
1414.89521295864
1414.45297478294
1413.76142638333
1413.9459763239
1412.94272810689
1405.44853425663
1401.90935995026
1396.70978244681
1396.42946341298
1408.28072728078
1407.96335926521
1436.92370809212
1429.97778480122
1430.55912065655
1430.13746613843
1429.00265322365
1429.54473316589
1416.41799734617
1416.07318838529
1444.51964847215
1425.31306367878
1438.04315755271
1414.83744340135
1406.09973908783
1422.0020626137
1410.71447483136
1411.98059729075
1403.83878399406
1407.22602340957
1404.13986095509
1403.77586604448
1404.26705862346
1399.21762988067
1399.96091252861
1437.5064032642
1416.54501065474
1444.15790001957
1441.39023892367
1432.76712074498
1432.78324747128
1449.34503396545
1428.45618316336
1414.70635367454
1414.6307722669
1410.89758745679
1403.37745030079
1403.89652764122
1401.29593435654
1395.90823169608
1394.44233481302
1394.09773554912
1391.57216793451
1461.06559642306
1430.72173830255
1427.51721263229
1431.4156669389
1424.05470368616
1422.06555814544
1422.56248664989
1416.48745802588
1400.60984639502
1397.33093871697
1399.24482804553
1398.12446128932
1431.44371954913
1423.94502820076
1424.99615418288
1434.04359563808
1414.33357081867
1411.27712407626
1408.96095780541
1403.83282984955
1410.91235644337
1407.12237341799
1408.14615118821
1392.26552749356
1409.75119579229
1402.72001482674
1397.39480072408
1420.93907906617
1391.66909249961
1393.51795278968
1392.56170644744
1391.4286297057
1387.67434828691
1389.67299156823
1389.29352671788
1387.32997546662
1388.35881881365
1384.71276380496
1394.20712165928
1384.03064250528
1375.11296466371
1379.91686806519
1374.27828882563
1396.0703074216
1381.53050117888
1387.71709950139
1355.60688764842
1357.10298996464
1357.84383976783
1355.05957005223
1400.08205453932
1397.78863920511
1396.40582010795
1388.84309061991
1387.27317250884
1382.73122450722
1380.33143687682
1378.27418677631
1370.42500843758
1372.95950671427
1377.65241518458
1404.08230564064
1424.68582980435
1419.90154270917
1419.07011412873
1439.48496568189
1422.86087420877
1421.50748463192
1416.59645125461
1413.84216051566
1418.97203468334
1412.91268249695
1423.7199531439
1419.24009648952
1407.83206974784
1420.0590362806
1429.23251168591
1416.33415528428
1414.2232452787
1408.93798808277
1430.39698078269
1396.73676025453
1398.42470893739
1440.65191225219
1426.96107781715
1407.80690622273
1409.06914306247
1406.83037600067
1401.61414264206
1401.12285706246
1402.65260064976
1425.91712170212
1415.36251666252
1412.37500568296
1411.61708540052
1405.77199649852
1400.5648355708
1397.78797497301
1399.36656391361
1401.90607415352
1398.6895897039
1441.27469024016
1400.1123330278
1396.59720083126
1407.54751942619
1394.82885883385
1394.38769283508
1386.06468264834
1385.50222743236
1388.05943104149
1389.21517435208
1388.74166023002
1390.92830627676
1387.20331642831
1419.2812752579
1412.9488312038
1404.16024906244
1396.51970788487
1391.04914826042
1421.95069026485
1416.43401963438
1432.35354401235
1416.54231576033
1405.61149213275
1407.96092711568
1413.46918270305
1411.4213895873
1411.31218171913
1411.46545453097
1407.08445264514
1400.87900300037
1400.21176897712
1400.4800790761
1401.102039338
1398.10436590276
1398.01566099212
1400.31164504759
1403.259733732
1414.12678414306
1401.14661787608
1415.07227733476
1409.07823095824
1398.20602618628
1406.18157355482
1390.193960714
1384.62319914949
1380.40275855125
1406.25456967257
1400.87700087199
1396.18365260121
1395.22255481122
1396.53589578137
1388.7506247688
1382.36742313495
1382.68820226593
1382.52058651062
1379.6582293271
1378.61261887837
1378.75888745723
1378.06831565529
1380.00692900372
1377.2250426021
1374.29128742511
1400.59701090359
1392.00045315785
1395.13756537306
1381.60227034978
1378.3262126914
1391.9478302884
1375.76825354338
1368.45010781739
1367.91461750813
1369.47380278051
1369.42525790829
1368.6275094383
1366.04900712882
1366.81629605269
1401.28006973072
1381.68784918798
1385.45145078078
1386.40858406466
1380.54581494003
1380.295845003
1375.69353863396
1377.03332872858
1375.57575039259
1375.74822372864
1375.07198896569
1374.48719673974
1366.84462373053
1366.84462373053
1366.71584635377
1366.62583401134
1371.58083198571
1388.9949113531
1368.5872500062
1368.76367584856
1368.02150078605
1367.24950737654
1367.54736076899
1365.50698274071
1362.67823791096
1363.2317804215
1360.3448874202
1360.3448874202
1360.32434040095
1360.32434040095
1360.39117961476
1360.41352621804
1361.84745293357
1382.21486070811
1377.63332045872
1376.50640784434
1378.65260632666
1378.00760524611
1421.06431168505
1406.37686010839
1395.00600883954
1390.91048824949
1393.59745645182
1390.07111094196
1378.85330293184
1376.39264968744
1425.72712019244
1398.15315565708
1393.39816961613
1393.39816961613
1396.83231169127
1389.19365300029
1394.498634044
1387.18510331423
1379.83204864263
1377.82127917604
1375.93748419132
1387.03081740179
1376.2447999832
1381.10824156202
1388.66816913414
1385.98373089339
1378.26317542664
1360.33605599841
1350.62774003288
1349.45413469188
1345.78133643616
1345.52933379151
1346.80021093806
1338.59600870751
1338.04340057336
1336.86219000446
1335.7516145959
1336.9218899746
1335.6323607868
1336.77997493951
1340.28366969778
1416.40424129828
1390.90111153186
1378.64171686442
1378.65962928453
1373.45841601076
1372.84099328045
1373.98201318563
1379.88315780996
1376.38854777126
1377.40683408127
1376.87934260919
1379.0584531545
1398.34401061215
1395.38250012423
1379.07993371828
1377.34203988293
1404.9910477307
1387.11991469066
1381.40887505555
1381.84703536939
1381.47922072947
1415.95341771698
1385.94244023415
1417.59931742017
1392.99389259581
1389.0694109827
1388.24259757848
1388.10386670942
1387.61696549564
1386.96880678652
1385.44275209887
1382.34314418052
1391.67073343919
1418.42331432096
1408.55148097391
1402.74823398603
1382.3094239751
1381.69809074899
1378.22497872504
1396.52764002296
1388.79171974408
1383.1615664436
1373.64588393097
1376.00087992823
1377.3545924143
1374.50836756311
1378.7370651703
1382.4227665625
1380.98860289753
1379.53964176121
1374.40624319428
1390.85064106469
1382.73474267563
1381.93259045608
1376.84546347938
1376.45757431378
1376.72698604286
1374.8458379934
1376.42607031266
1373.82500532649
1373.57751757499
1373.84556346176
1375.63732176957
1373.19009974584
1370.39580869223
1370.26846431985
1369.5940474185
1369.38269479358
1416.52382382764
1403.88469910678
1407.01258702547
1405.14551499408
1399.21157624541
1398.45269764382
1396.63727437322
1396.27881888229
1395.05438300926
1388.56911575463
1389.83553212805
1388.66982065357
1415.90078364672
1403.28417157232
1398.72499558045
1397.73236652529
1399.1221014836
1400.61727463174
1418.70221089847
1400.66092705629
1399.05016445335
1397.88533766988
1398.50177452798
1399.34530090089
1398.5176071429
1397.90035557648
1398.95399340947
1400.85335899387
1401.48645306858
1392.53492052353
1396.73110754912
1422.6334641478
1410.93165423319
1410.14268221255
1410.33657756409
1409.29752345814
1407.50364418811
1407.83890578389
1405.22742771104
1405.86427298205
1405.214789061
1405.5796929707
1404.85101415617
1405.02642242772
1405.04752642867
1418.50104269372
1420.41364559589
1416.75362590303
1417.47251775359
1416.98251547657
1407.65676388703
1405.06439941523
1405.35234085048
1404.48002662438
1401.25311861865
1400.19247427493
1399.46915960908
1399.35009019713
1411.2101093387
1398.08072177413
1398.89579685734
1396.37728344809
1398.24142764847
1401.51247727881
1397.75354133764
1393.84190359565
1396.44593355197
1396.05229148351
1397.14239542988
1408.62492850842
1399.91606397583
1400.31599206601
1387.46522671781
1385.27604195325
1367.44782869712
1364.5504986383
1363.78186551092
1389.62147502257
1388.3369495176
1379.26353921617
1378.41485985311
1386.76043680371
1383.50729442954
1380.43311758894
1367.56816123412
1368.11297904471
1361.11183832801
1361.11183832801
1435.70534143488
1399.42947526963
1387.82208622358
1391.08127981706
1388.78795040505
1384.65584834964
1375.80856498727
1393.29435877698
1391.96596407319
1386.61000124609
1404.83434446996
1400.78777320791
1391.41031783959
1390.36924606568
1376.00469607163
1370.49337925809
1371.40307763985
1368.45393053685
1369.02370604133
1369.00074658973
1369.13964884152
1369.73283322011
1491.16898834911
1401.52499208496
1395.29967398881
1391.44170604683
1393.76460704811
1394.24676669478
1392.38289027994
1386.52873487644
1396.32133544709
1388.89688415533
1387.2569521861
1387.53672025144
1390.23109017529
1389.7272833256
1388.02334974359
1385.49640427214
1385.49640427214
1389.06589761683
1405.4618349473
1396.17433823217
1393.27571655497
1392.20517114421
1391.00224066895
1391.49061443172
1384.22883285274
1385.37790069101
1385.45730124265
1384.56213452577
1385.26360300728
1384.4305089189
1385.77537040134
1387.51198294757
1388.44519472846
1387.07670215992
1387.01285610655
1387.90521837123
1386.78986117412
1386.94580506524
1386.94580506524
1388.19269949016
1388.19269949016
1388.59664476721
1385.51263764958
1385.45340806221
1383.21518373487
1383.18262494216
1381.23194303049
1375.07918034223
1369.00368163763
1368.966161288
1361.85690921631
1359.76786683952
1360.36430616462
1362.59044652007
1360.85628422112
1360.47843688532
1359.58968874472
1359.00385868295
1359.63263311296
1362.69605473242
1362.45474511384
1361.59553580859
1361.59553580859
1361.61839727344
1361.62826671107
1357.62480748684
1355.74270257032
1354.01000466066
1354.74034142168
1353.05033841252
1354.15005411665
1404.15245027128
1406.18049188086
1408.29958217238
1397.33601297789
1379.86769966723
1367.92378937397
1401.83558063687
1396.65981233285
1409.74025800161
1401.92587732812
1399.09052704499
1391.66951832551
1382.19780189124
1380.08727997191
1376.39354191027
1398.3863470388
1402.73036731958
1395.40539995637
1372.13437447886
1385.90998513591
1380.6627554637
1379.39811474869
1373.21455213494
1372.83659041385
1370.78954477898
1361.27029293612
1362.6550624863
1359.07231193245
1360.37463644058
1360.37479865186
1359.74844612249
1359.31497450987
1391.07503657082
1385.2130643022
1384.73757547854
1377.85465043235
1427.82716269053
1395.06439101744
1406.05640169223
1401.86024820446
1431.6805110086
1406.40057564426
1433.72483625173
1388.61733276721
1382.9620903496
1382.31694017233
1399.69823866803
1399.13569764815
1397.55685751958
1396.73082002911
1420.36393787909
1404.7367913418
1402.03006119206
1386.43543707239
1386.49803597687
1384.29700131469
1384.22034376745
1383.55574162698
1379.59757284187
1378.14399704159
1378.90910834936
1378.64257371218
1375.70088782257
1378.10611414043
1392.68994754723
1390.40079476713
1392.51685363798
1387.90928675349
1382.83565371922
1378.04945938988
1379.78100723264
1382.06546552056
1381.55309763607
1383.82010587744
1383.51791929462
1381.98098413077
1381.76894738436
1383.34299153544
1382.58289386332
1382.84282980297
1381.21233101065
1384.45032181523
1383.59723285257
1380.11029695632
1377.98556216804
1378.28904739238
1381.50728143732
1377.59036524987
1378.29099703508
1376.98361317909
1404.52075639813
1391.98629741702
1387.70040281619
1373.48715452182
1365.57237856467
1368.79444005387
1369.09644543018
1369.86396429005
1363.46960666026
1405.57841635608
1378.81939750728
1375.89761210256
1374.934779368
1370.37940791909
1364.94466078435
1379.2431811702
1389.42683964718
1383.95409957597
1376.08563521919
1370.57154178225
1370.71117903723
1368.42766557734
1365.71574525011
1363.26560418597
1363.2866979274
1364.67839041211
1364.54123083253
1365.17266059908
1364.6943623656
1367.69483167637
1377.50268561822
1385.14821948502
1379.63356802598
1377.4176350752
1374.47659160217
1373.16163223773
1374.37939395355
1373.60376702413
1370.87392897617
1370.59678246843
1370.50688631459
1370.00641055629
1369.66804031425
1372.35405791402
1370.85263741591
1368.49009149704
1369.8156891053
1369.30577902926
1363.06577093726
1361.47416256683
1374.09574631405
1371.36173553073
1368.45709649035
1362.95803274139
1361.84519365244
1360.83143880787
1359.06891483283
1361.28379391722
1361.63330469088
1361.79923872042
1446.58259066491
1373.2306484414
1371.20203033415
1369.78791542503
1372.04839100764
1371.75981155382
1365.51260489639
1365.09559366497
1365.68512921655
1364.61143986987
1364.38662555962
1359.58103581792
1363.44128333009
1373.08955570142
1358.96709987859
1410.03442700035
1423.48086001875
1404.56818009747
1393.85105157545
1383.19029080527
1382.11721020629
1381.3066681249
1387.94427524446
1387.15268746915
1387.1217204599
1390.07849508648
1389.48998536923
1383.09329958953
1384.5711134758
1381.09950320974
1382.09181839219
1382.16972825964
1383.3618963347
1387.9052340126
1384.63370350434
1381.90914509251
1383.2538022767
1405.72445904504
1398.72230744169
1399.58587663987
1391.86684646419
1390.60771488801
1390.79143598654
1392.08893825233
1390.69338906474
1464.81669869019
1398.60832626408
1397.68523353663
1400.24642449092
1395.76502398157
1418.98000797528
1417.6454749938
1415.4722461894
1403.50752291702
1423.85631808705
1401.97736280895
1401.75282750589
1399.50989917938
1397.19098625581
1438.58688712275
1406.25464619412
1396.22715299734
1393.41238291885
1406.47350293669
1398.29206387985
1388.95407766263
1390.04879928241
1387.05167952912
1380.56601905932
1383.27801084434
1395.84134501052
1382.2047987975
1378.00516814426
1378.26952605568
1378.4705332234
1376.11966780152
1374.82516112273
1373.63191246679
1375.08053318187
1375.06958224455
1373.0150688569
1371.37706566125
1374.6685237314
1374.21275944618
1371.71766157278
1371.88070761846
1373.41122326137
1374.91516652931
1374.69406841745
1374.61603195997
1375.22365647238
1373.12779473903
1373.07161241498
1381.78552477301
1381.7878561376
1380.54631455837
1375.34168874988
1374.87408518901
1372.74296594488
1372.02868258697
1369.17099237608
1406.86091329271
1397.10395456862
1392.99897795249
1390.2429662439
1389.81795296016
1390.79182700057
1390.47561468066
1391.49628492776
1391.00788857793
1388.31458826466
1388.02555299632
1435.24163050302
1392.84748776663
1390.52723890881
1390.70967388523
1391.64133966451
1390.34690434809
1387.39191815721
1385.09393479872
1385.64739955697
1385.84588594609
1382.06723992951
1400.31708235139
1398.64519804478
1398.93616602576
1401.28033351066
1404.40881483936
1406.6351857407
1384.54911219514
1383.77241773322
1378.07617262516
1383.22562939128
1379.33964151975
1379.01495473408
1379.2413425877
1379.16278852547
1378.43185548366
1377.98018892165
1377.37614702949
1377.34377551082
1377.65177000745
1377.25691928671
1379.28546054472
1377.52102923434
1377.14659256361
1376.46131871777
1376.95632819864
1380.4690437388
1424.18579571676
1405.42611035193
1390.96836073261
1389.48979102148
1379.6230977387
1404.64890969128
1401.42001755702
1391.30198272472
1522.00723266688
1483.01217724928
1434.85525654932
1399.20705090419
1399.20764012668
1397.92096916966
1393.19605679534
1393.54205436617
1417.45836755146
1402.69260947698
1390.92313644669
1386.23524091399
1383.06089498905
1381.84721280494
1381.13804933758
1401.23013692548
1403.60500401107
1398.03112299993
1398.06687479617
1397.47290091613
1399.88084718626
1396.49717497035
1402.32173754741
1397.25305135171
1395.09854228001
1393.81571784684
1395.07496936085
1391.67742224799
1395.57384474284
1392.21188633253
1394.2514553841
1396.32704907569
1392.25395911153
1383.80843742848
1380.2079005493
1382.08753189448
1378.08903150832
1379.4099163701
1379.5850924033
1376.48552203604
1380.22340011566
1380.04162010507
1425.17658022388
1403.58404597651
1406.36484764032
1401.93183335285
1402.39351463234
1407.10336100148
1408.9498584453
1409.51033666593
1434.49739898256
1427.48867363289
1422.89159289983
1477.05241541486
1437.78409089112
1436.47485746422
1436.26959182841
1433.80800899559
1433.08405948141
1450.59902487023
1429.76114260006
1424.83138578165
1425.93163834988
1424.19738273346
1419.70637198326
1419.70637198326
1421.44875645008
1422.4059795807
1421.5026522766
1448.09022882763
1440.649441603
1392.40282845698
1364.09946159417
1361.15541779776
1361.02939315704
1355.94367965816
1379.53493845249
1352.12216979277
1346.3833496512
1344.10107640412
1344.10107640412
1487.18619970116
1385.94287498792
1388.61031153134
1388.61031153134
1406.9248638473
1391.19003851864
1387.67337688979
1384.05326262071
1392.45888342545
1380.95385029307
1381.17302471997
1376.31805375778
1371.15081292695
1366.35254496
1365.06366694983
1371.4184825895
1371.01153474314
1372.42879824396
1365.86285129703
1365.5612851588
1364.46524949002
1364.44192317491
1368.84841414169
1365.42169942254
1365.31918606858
1364.66475432756
1363.66680790943
1363.64597129382
1363.64597129382
1365.70046343497
1365.76106223588
1367.99541854354
1368.03928269953
1367.60513571157
1369.67313619424
1389.05425378975
1382.98280435746
1361.69480639123
1353.96505295171
1354.90222739711
1358.38590734864
1387.56327480629
1366.30568864321
1368.98527373588
1379.39584854421
1379.38220434857
1376.2678853647
1373.01240404848
1373.48864533928
1371.03289385073
1370.61430809119
1370.5285380421
1370.36864224822
1371.26833664386
1400.27792312784
1408.96906703263
1392.70179510789
1381.64819971106
1394.87422920906
1387.29663514584
1384.26700024381
1384.36546962745
1383.87412540568
1382.56000448881
1383.71177490791
1383.0949251586
1384.72358274489
1385.59815533717
1382.8949642929
1383.08636425035
1382.51087563462
1383.91887155811
1383.56444967004
1383.66719101363
1383.18501286628
1383.77969988797
1379.13332115594
1378.30466062891
1377.49468289519
1377.43042900665
1393.79184947608
1391.11323600013
1378.81247655182
1378.66261545562
1391.727930206
1389.86935381174
1383.52101745082
1385.10277276626
1382.25668657065
1377.85871158736
1368.04758279816
1367.02425186327
1367.10749737696
1367.0795005452
1366.80708392417
1369.57841759672
1370.43944862396
1365.45735272327
1366.42951238353
1366.82276416351
1365.72473581933
1365.66416379769
1360.68488576874
1360.7923377723
1359.42998500575
1359.80189767893
1361.5378999578
1382.09411977687
1374.99329560263
1374.06977132526
1373.2061194103
1376.74539118569
1369.15112786636
1368.89196275489
1367.30031393413
1360.23288817228
1360.2072125665
1361.85730456771
1359.3681978193
1366.04867825239
1364.15689672401
1365.66537744153
1364.79389224526
1365.94745799706
1367.1643601977
1363.86409670247
1362.42820457476
1395.69657189135
1385.98432838188
1397.36324556922
1383.61987554853
1372.08120505342
1373.03372583531
1366.54313546456
1365.39804267664
1408.64545590962
1423.78012359837
1396.91596354979
1393.8383753937
1383.23479487027
1376.78300861496
1373.88181667855
1373.78056092045
1371.81634441212
1371.31070813718
1371.73019066814
1373.81906836421
1376.04495485291
1371.21498798622
1369.24417320823
1371.01320536441
1367.54404738811
1367.93234935715
1368.21198691443
1364.19889416456
1360.93997463806
1361.3186274502
1361.38384556616
1361.28984320157
1412.64129858559
1385.06516027592
1385.03359856306
1390.43381858039
1372.51940717007
1369.26906719047
1366.34246249621
1364.22675557394
1360.90683906236
1360.8656722857
1359.61810622196
1359.2258641169
1351.41481912349
1353.50178175312
1353.26311114432
1355.81829583084
1356.2646058639
1354.42662301397
1347.74732200231
1343.04815874277
1343.85969723868
1380.40576307712
1389.71575186887
1391.29210598628
1385.96056747888
1381.82151779091
1381.48045700932
1381.23496919185
1373.83592359929
1369.18454491074
1407.63724256212
1386.45955043462
1386.89942102851
1406.60591603518
1400.14124429108
1390.21589878151
1388.27783254083
1385.27593486476
1381.31580201547
1381.83725392029
1385.63574841494
1387.58331284313
1382.30984604453
1383.22462231193
1382.24722470258
1382.51745040893
1383.09715321236
1379.52146719257
1379.88024774263
1379.1098984083
1379.00412359044
1380.29968292678
1377.78386016656
1376.66035364448
1369.40908714214
1367.43356872082
1364.90879864434
1365.55773440726
1365.01439252791
1364.89135610901
1365.29202643497
1364.25208048791
1365.63542669582
1365.41460062032
1365.49643898159
1366.2841642982
1364.46676496624
1363.75668279366
1372.33759086445
1373.18493293846
1372.43168724744
1373.23303650519
1387.55751606745
1384.43647621958
1379.27874717845
1379.55920836414
1380.34419675283
1379.23344771454
1381.12436528117
1443.71329406274
1409.41826949353
1411.48238794043
1409.77801242263
1424.69391212663
1402.6576106161
1399.09023760554
1393.73231291239
1392.29559276755
1397.70186999908
1391.07794297449
1393.43693313128
1395.37548963561
1400.59692904913
1392.97928153727
1394.86422880622
1396.62262266063
1393.20904638117
1392.92522205103
1457.36338882525
1407.08899996048
1394.15953892669
1398.00206357796
1395.88306094083
1394.14828506283
1390.09347297533
1409.56210760508
1407.69434556425
1410.26682478687
1405.94486396615
1404.97634533143
1401.70658653638
1418.5900183416
1407.63385429726
1408.25751785755
1404.82311069723
1400.04629906843
1427.87348016253
1420.69648786265
1408.79574151002
1406.10478695167
1407.20517052611
1396.60600036579
1393.68953375036
1394.60577885758
1413.42207453556
1403.70412038672
1397.0731506961
1397.99389083471
1396.6373025261
1388.14112184049
1388.31571482421
1388.74080910101
1387.50877556653
1385.90612856067
1384.13843031082
1384.15768266684
1384.0096382198
1385.90924756188
1385.1682173052
1385.48277446684
1384.22664282432
1385.83834167065
1387.06585364208
1386.87410027136
1392.74306871608
1405.51198071794
1396.50897621534
1384.48015559898
1427.15929702872
1403.59363076737
1402.17189052536
1403.92126157545
1404.59153576718
1403.74524499627
1404.18957919926
1399.61624117048
1398.04239073831
1397.16273844056
1397.00840449946
1386.73873385108
1387.55376919303
1376.80959454494
1374.98001155244
1375.14332073494
1375.48212507672
1373.50942344882
1373.68688973912
1372.26622958644
1373.36945155815
1374.83573720765
1374.85135730264
1376.03199077262
1376.52947839411
1375.2425221737
1376.78715212017
1374.14505668551
1373.7678726255
1427.60154677684
1424.14402852552
1410.19043928749
1403.97690091975
1391.6813028821
1387.10953638534
1409.31758382581
1398.13641096701
1423.05903356755
1389.88231222776
1373.87863329977
1371.91383925652
1366.63619880716
1363.63996021693
1364.54274219492
1361.50252125034
1361.84173899325
1361.31651055321
1349.77345896873
1349.50720366502
1352.43119904191
1354.68526676106
1351.97150587592
1347.24649810651
1350.49299794251
1347.94898552374
1347.23586385757
1347.47241574268
1346.56197518492
1347.52683019139
1347.13588609564
1348.39728356133
1350.38720549249
1349.39724521712
1348.70932161263
1345.75049097909
1346.35522145181
1345.65336596358
1345.90995560927
1347.58391878329
1346.04604357859
1345.80795788523
1390.63406535886
1391.58683302259
1390.72818615517
1392.49263513601
1389.13214597198
1380.94169775011
1379.23685686945
1378.3814161064
1384.19024549918
1383.59325831965
1381.18992501924
1378.4251400837
1366.93009913709
1369.60336560141
1368.25925383085
1364.95734651194
1364.88488155843
1363.98198000637
1361.63934234445
1361.7660522474
1357.6134303554
1354.73634610203
1354.65614856161
1355.58613813376
1356.44176106114
1354.00594976713
1352.60327139871
1352.52529375434
1385.28921224954
1385.15574765927
1384.85128035537
1386.35362736327
1384.38236600768
1388.82750267362
1376.88917332216
1372.68437790025
1367.12128144025
1361.85581364394
1360.80959006154
1361.16644738562
1359.63186897927
1358.13974611053
1357.59361934995
1356.20675405115
1356.61537539646
1360.72515194699
1361.37538981901
1365.15620186839
1358.54699517827
1358.59763783742
1356.9043160141
1399.51946061338
1383.28734713811
1377.91610299399
1367.27146657757
1367.60370465796
1364.27445661402
1364.92179842835
1368.20049958843
1361.43276800629
1359.24446523401
1356.79472691486
1357.92489669037
1356.81162714641
1356.660955226
1356.25206409288
1356.6772074743
1357.36696640538
1357.8091237062
1357.8091237062
1357.8091237062
1357.49359121227
1352.11175946905
1394.08451683866
1388.75087410686
1391.09306050778
1380.12210672591
1380.34699885124
1380.7425282428
1381.3062735274
1377.9625256548
1376.13869029283
1374.24164663766
1374.98495368135
1373.96582186089
1392.04203595267
1383.89827527335
1405.82415273756
1389.9250882743
1387.25951973938
1380.88682553662
1378.60084632759
1378.5268500396
1375.78043687935
1377.9884330096
1379.11000514392
1394.71802062781
1372.44414708718
1373.63996966336
1367.38786741153
1365.20091862124
1363.24452295641
1373.38720595411
1371.96558326794
1369.41724970076
1366.0607095865
1365.71870352058
1364.37210456532
1364.89730491085
1384.89452142615
1381.37038436685
1372.74860777092
1368.07999277204
1369.10610438604
1369.9313015182
1368.02883096805
1372.69470406679
1370.54198214478
1370.04556066784
1365.45541875846
1366.15619322861
1366.59900530933
1366.55115873764
1366.84832735378
1391.68832958705
1396.47807942388
1393.15925853342
1374.41644614898
1374.66628325288
1397.28063710634
1388.80085664325
1386.38392258112
1388.59997709355
1390.23127558378
1391.57806304576
1388.02525488155
1385.04854278281
1385.57785111797
1381.90270605888
1376.82888964746
1372.07433095251
1371.92804868078
1374.37521564529
1375.36973090594
1377.13481390373
1374.9766601921
1378.42774766688
1373.67070555872
1372.07222858987
1371.88749160506
1369.37671000239
1377.20706697154
1371.77437393766
1374.39893514488
1372.16982507952
1367.63705719358
1366.5169824898
1365.62371169095
1366.20051855917
1365.91160388241
1366.26461879555
1363.98566852494
1359.6214574823
1359.34109665604
1371.02432788898
1370.67310821655
1367.39097351888
1366.9275880456
1364.6739452467
1364.84362359462
1362.52465304282
1362.07955628618
1363.27181791985
1410.66861168903
1398.85919763093
1426.20586259843
1400.17433925493
1395.98363412025
1383.43324673064
1381.8566407514
1379.98265357202
1378.16784415665
1392.98997864689
1395.1228725896
1393.33347428154
1391.71969978036
1386.15530529725
1387.0675520457
1389.41800272862
1390.0344279683
1374.7175694418
1370.77491926909
1371.45201127686
1372.63735963492
1410.92917162583
1377.20439005734
1369.48054205311
1363.32589700653
1361.0088600444
1358.19144944302
1361.30333350038
1404.25746277868
1396.63225798497
1396.48209728499
1389.98908935373
1384.74874722268
1381.05804977785
1382.32408681731
1381.30551144927
1404.14435603149
1400.57434221843
1399.12483278182
1389.74045518256
1388.9909522797
1396.6743859264
1413.18684562116
1401.45715002192
1401.26124571338
1399.39123363956
1403.39494158106
1394.86074664356
1393.39112373997
1390.55401254467
1389.64647915183
1386.90745851981
1386.87358296148
1387.71947931635
1387.74143707015
1385.89238642002
1420.61299618363
1394.8608328462
1389.28343138844
1387.69708136931
1387.93135504064
1387.39784431116
1389.0548115171
1391.11552322903
1391.12289618657
1392.5656292485
1378.28081393503
1376.82215230871
1366.48424535386
1377.11756446281
1369.97297035404
1362.90542605701
1363.34269561178
1362.87861460501
1362.77128794209
1365.67372036368
1357.56261206881
1369.17206940096
1368.53484326411
1365.53200986032
1365.16205935338
1365.02545497959
1366.53374539686
1363.92053902874
1365.26192486347
1361.01525232033
1360.69573194679
1465.89551920548
1392.36759384285
1391.77743579395
1389.35143908698
1390.24704784997
1381.26375308888
1381.07518090012
1379.64690806708
1377.88382727404
1410.62415962778
1391.7327056504
1383.35609080834
1379.43756804591
1377.10262284935
1374.60769777454
1376.80030145648
1372.15137815422
1374.30877798051
1374.79360653541
1372.65313426456
1371.63727301987
1371.86438824924
1368.99966902988
1369.06796591853
1370.67264518127
1369.98341548388
1372.74032198474
1370.09739487973
1370.342654735
1369.60311154089
1374.64600670967
1370.78804820425
1371.00003595763
1375.05385054846
1376.06314269342
1375.99896697527
1377.35968103319
1368.89436186673
1367.87934332917
1367.40161126047
1364.33154109112
1363.88870310064
1364.10418106643
1363.24795808376
1363.40630046357
1367.83693816858
1368.80324556227
1368.14340995942
1367.77132670989
1366.11181773639
1364.3873104917
1364.78660200922
1364.78660200922
1362.84863679177
1365.0947345953
1365.1506687619
1368.18265881445
1366.3868651347
1365.89070061874
1364.40128627878
1363.92268587439
1359.8350369495
1361.27556901782
1361.00413696659
1359.53645585129
1361.34814229699
1361.18424303122
1361.70640630204
1362.43415541166
1362.21130046925
1358.0204004465
1357.88576648714
1358.0045657239
1357.22730494178
1356.87780973907
1356.41842486064
1356.00904589855
1359.35363747038
1360.2498700083
1360.42492324733
1397.37433089233
1394.60402011662
1400.14614379305
1384.76817592477
1386.60512042793
1375.01051007946
1386.25632899743
1383.05304399067
1383.15143849992
1381.21649142095
1378.85276500362
1405.42854747495
1394.67888456845
1400.04834936777
1383.75663020443
1378.08181485743
1391.61260559448
1383.31466677847
1378.36704115981
1376.15220122112
1373.1895473211
1372.28445358506
1370.69800080106
1364.33344801108
1360.47765017346
1360.96797669745
1374.57237235671
1369.34286837374
1366.37199878447
1363.93402685544
1399.31367973474
1380.02103028818
1380.47291659516
1380.89459699276
1377.09162192528
1381.59065210273
1402.2441552708
1391.51539824229
1389.55152727758
1365.18270025349
1394.01629493191
1390.28719757271
1381.08424123043
1386.14605991972
1379.16826972085
1401.31062313128
1401.49870192159
1406.82938015422
1395.36136960937
1390.36189483142
1425.58999131469
1397.08757947801
1392.77397615274
1382.374662576
1381.9251371696
1382.17455408275
1387.51813419896
1385.51665986828
1386.89142078413
1408.64885280875
1397.35542614761
1394.49516778555
1395.19273999033
1395.57364224284
1413.05868094709
1397.78170790929
1391.69855045723
1389.03501227616
1464.08230758174
1460.23135051809
1450.60161602148
1460.32135780957
1454.38835310307
1440.90712014828
1438.05205275209
1483.62025371483
1438.52683955904
1435.11593550205
1412.49771512428
1413.30711295839
1411.37100166498
1398.73310992968
1421.41241219563
1417.90160611357
1415.15413110187
1414.92600652593
1413.92714154335
1415.31907434462
1410.92054743654
1430.34490906736
1446.85097356594
1430.82200786262
1431.60922154907
1428.7907065481
1429.35071922181
1427.77063184484
1430.68753436807
1481.69359681166
1432.02907644629
1430.37055633837
1427.61869452486
1421.04630968519
1422.80737028202
1420.97477212015
1418.84422562593
1417.52060229262
1415.86291669751
1410.36633002127
1433.10125927348
1457.499240299
1444.06892452131
1442.05968983964
1443.95627759199
1430.72090455956
1431.00314164552
1444.80233123159
1429.81858486848
1433.04375181147
1451.02063920686
1450.8569927299
1437.03740446762
1436.83803073146
1433.67953741515
1431.73831179269
1428.86006314766
1425.80621607705
1425.83007243594
1422.43492878141
1422.02336891866
1418.92081860616
1416.84797338888
1414.69911316983
1414.38038378768
1413.34302107104
1413.42322976587
1414.54990933087
1415.63688339511
1411.26482714877
1416.79002074965
1413.38150447942
1412.50586788177
1414.71601301054
1412.31297317311
1410.58447485253
1411.7655288379
1408.06644165945
1407.35326347122
1410.30596191765
1407.90671918414
1406.52007014694
1407.2822606071
1440.51754076774
1434.3672549513
1435.01823186104
1433.91395863833
1437.40309989175
1434.17441567206
1447.94668885232
1443.95272715595
1442.94675308167
1442.22688684005
1429.99117275063
1441.42847390548
1435.2608528321
1444.77742924677
1438.64531922065
1426.04431376611
1423.38995457342
1420.94236278288
1419.7140222739
1408.56676635117
1392.21077597257
1439.80955759774
1411.80445487581
1410.52557257033
1406.62039570374
1406.85167012751
1407.04470081779
1406.57395273878
1404.85189150801
1398.1228983689
1393.89935232278
1393.68449779528
1393.58189336383
1393.24740740748
1393.27390634282
1394.55960135568
1459.1442014615
1450.68928303369
1443.36309491753
1440.15163215231
1437.65296811871
1438.80004973465
1435.94838024358
1429.68818905614
1424.88858523279
1470.77212764228
1449.77483000839
1438.9323044847
1423.79743364344
1419.58242411667
1422.17351437846
1416.02004161106
1406.1787267696
1406.42606241783
1406.43404843411
1407.50235708937
1409.74518890561
1407.76113839795
1407.67235466152
1407.66796817132
1406.74258732725
1407.31824231474
1406.34634994277
1406.50133979485
1408.5431633837
1410.58839598866
1423.12915011397
1426.16098226669
1419.44695200349
1409.41451654536
1405.67992321205
1406.17122729027
1402.10187040375
1425.70545084435
1424.00879473926
1414.112388651
1409.50256860393
1410.73476735089
1409.2295117537
1409.53075363516
1411.08446583577
1413.30370097778
1408.92726428038
1407.70466081061
1407.61644163745
1409.23413796569
1409.86498626229
1409.04635808896
1406.85696434251
1406.85696434251
1412.4379381689
1411.46813007194
1412.78074301277
1409.47641160787
1403.73566833948
1420.87607766135
1414.0989241768
1409.88843307313
1411.91401724978
1408.91355401764
1403.26323808211
1402.26516044774
1412.14199551182
1417.99848329277
1412.8127443286
1411.78826368615
1410.47608559739
1413.79873366736
1408.53497897137
1449.3945433973
1425.22915543629
1407.27524657082
1403.79530757414
1404.30256745771
1451.41142808461
1438.33591163245
1437.61324653663
1423.95221506377
1423.95221506377
1424.3215520417
1422.08736038459
1419.7281848815
1422.35648485871
1420.99531832594
1410.4104082333
1408.5267547427
1408.3441686932
1447.79450662031
1436.60235245407
1428.10293090434
1424.1053070302
1423.99340731753
1422.8127945313
1420.79683607958
1434.52351197618
1432.17473966537
1432.73385070233
1427.38278373596
1424.58197221001
1422.92019529124
1414.20274384275
1442.4854044172
1440.63561233163
1440.78961987312
1435.72124054036
1427.8285288755
1426.17195036431
1425.11075180931
1440.82117652465
1431.48832261679
1430.75073186195
1426.95256697187
1424.56619995716
1423.78619115363
1420.7709666661
1417.80966845027
1418.37748459541
1447.53949751332
1422.35751654525
1407.94733419862
1400.70539348814
1391.9487978808
1392.17359863293
1399.58796433313
1406.06398935141
1406.06398935141
1406.06398935141
1405.90113486936
1397.96825837969
1392.72569363882
1408.59879539362
1389.28290356097
1422.97787291137
1403.76377884175
1404.66244409959
1404.54788139909
1404.53446340241
1421.32674281179
1419.99756967988
1411.46184325692
1409.99970277024
1408.73460269145
1408.32484512894
1408.4691702618
1409.26004131792
1410.27351608983
1410.37673549493
1409.7301388641
1405.22058506506
1404.79558990476
1422.25647330445
1419.95796824834
1422.60876359625
1420.43062458594
1422.11711955877
1419.02012745578
1418.5954241557
1414.09031322078
1414.09031322078
1407.34501181725
1406.52147001544
1417.1633889687
1408.51908285937
1428.32132547995
1421.3357464906
1495.53954670829
1408.65150076633
1400.15664541236
1400.15664541236
1424.37614714472
1407.24296819976
1408.03172235976
1405.75535398301
1404.19161848419
1403.45163008813
1401.80998143208
1399.26448151824
1401.48896829146
1400.16076279568
1393.18237903633
1392.70125117015
1393.37102478501
1394.73422482505
1394.86768605311
1392.94840709643
1385.85817802935
1404.05487446687
1387.04614444994
1386.05791786182
1448.03046920542
1440.35837527277
1430.44158530056
1408.7492113397
1409.12027426374
1390.86494005143
1390.26083607572
1394.18662380118
1392.39333846649
1392.6751082311
1431.12368455978
1424.84663551945
1413.17984477503
1421.65903335279
1421.14640570518
1425.66803596839
1419.4845521598
1421.51977748595
1413.42979784214
1406.10753000962
1406.24757175725
1403.76517440108
1404.01007789527
1405.7176878554
1407.06382699138
1408.49943600295
1408.69116776832
1406.82186132398
1411.0750567572
1409.29139097899
1419.78283081234
1408.29179195094
1401.58364079732
1401.50640196462
1402.67181611343
1420.54835209769
1414.97733283277
1411.47998457398
1407.50586943169
1408.22055911005
1409.86557463552
1408.95033532519
1441.83253713709
1427.33603262955
1456.73981826451
1442.6761868845
1432.89526761581
1435.89227900718
1436.96411249958
1424.66542497336
1419.30621236576
1420.28597843101
1453.66470440419
1416.16359894883
1432.99736937668
1418.18279736622
1414.00238790255
1410.2715763561
1409.14730802058
1408.00270951641
1446.89401920657
1426.23625317353
1418.33229656832
1416.16407284375
1415.93300829558
1410.10320743571
1409.59543791058
1407.19379834828
1429.01941981865
1431.24693584819
1416.23083283119
1411.58874205873
1410.2293399135
1407.81459963258
1409.65774710033
1409.1697185378
1409.88936802556
1409.79664725801
1400.23845944968
1400.93392848648
1401.2470549294
1400.94888090956
1400.40460423109
1403.45337401305
1395.67258465151
1395.23839113061
1394.41010539987
1395.56926143345
1397.06116317696
1395.1248155282
1393.27310124013
1393.34016482652
1394.19445128981
1392.78864785591
1391.99265227431
1393.7879994757
1393.80825122965
1394.04142451988
1394.20715195072
1392.28945001379
1392.70721471093
1393.17649884775
1392.46656767622
1390.18516127393
1391.2342624064
1393.03730880005
1386.30236633906
1388.03660047699
1388.57893692588
1389.07516509879
1388.60600116314
1387.99014632001
1387.37238474534
1386.11398392419
1387.00353727734
1386.89987239177
1388.02312976762
1388.26840121036
1384.77957535677
1384.11456579291
1385.27444526867
1386.16035202571
1379.44695448008
1379.44695448008
1378.85133228411
1378.85133228411
1379.51828147192
1376.58892656884
1377.11830395213
1374.09353991962
1412.39228637366
1409.08085705892
1409.12777509632
1407.69539050029
1418.79101166498
1420.33024653428
1415.24474165107
1411.05648348502
1410.68906835384
1408.67531566463
1407.20162685898
1408.26665118244
1408.49437449818
1412.35422093401
1404.69291443582
1403.95143792852
1406.82875804482
1406.65232817125
1408.46134130103
1406.36314123541
1405.13674969688
1405.09711423463
1452.25192316657
1429.66605412319
1414.119409891
1416.11126230249
1414.51453128597
1411.55042146578
1410.64362606084
1408.70414275968
1408.67661474932
1410.14085797201
1407.9056145212
1408.02991490445
1409.94981349878
1408.91498454681
1410.01258412828
1410.01258412828
1407.6511925081
1407.69580819655
1407.34343197512
1418.416744352
1419.63746488739
1420.42269319182
1413.16090745621
1412.63353810968
1409.45178051417
1409.25302836309
1408.73032632318
1409.60681494626
1411.97827067018
1425.26822770054
1422.30184035417
1412.04666042564
1431.33042326756
1417.07617866198
1420.96094414217
1413.5374686491
1413.32890467037
1428.68046013168
1420.36440039198
1418.7878498649
1417.05277762343
1417.19053918747
1416.63708370982
1417.81517399161
1410.18497353083
1409.52507898078
1406.47828739619
1406.2441396984
1402.1945996509
1400.18030880962
1396.91868835864
1393.49542977035
1388.80730778754
1384.73177308173
1385.6927147642
1383.78797727224
1382.80724855344
1383.73149830447
1383.21533359754
1385.84972365744
1383.52475191576
1385.40730120834
1384.86707305541
1385.78843279091
1382.37652236781
1382.14450246494
1382.11389709257
1382.11389709257
1382.364322306
1393.45177832067
1386.97743025825
1390.96303214771
1386.95075127167
1391.20959398131
1388.65837170093
1388.56239770887
1386.23107534467
1386.6838038766
1389.60759401833
1386.73912611911
1385.93630165303
1386.1271624856
1386.38539788464
1414.06976974892
1412.56755099309
1412.17882354187
1412.72027028743
1411.69353362081
1410.60903853176
1405.84343078192
1407.01628511987
1405.26450926299
1406.14922972169
1400.19748426206
1394.43496571602
1393.38350317404
1392.26541703946
1392.34621216661
1393.16188032226
1392.99039939454
1394.48203265586
1394.58035424121
1388.56411742611
1388.06304270382
1389.63615528594
1445.01673115582
1443.92724821582
1441.90591124978
1427.90682346718
1419.92851631509
1420.47917189899
1421.88774846914
1417.8202037373
1448.24039773721
1429.69305922304
1428.11687268527
1424.7575543416
1424.08349383714
1421.54173473827
1417.28552624237
1409.77157940543
1407.81238646118
1409.27020889146
1409.19433347246
1410.68930164516
1409.04638119346
1452.18402913634
1436.02924623951
1438.65568079111
1435.61210068209
1436.29907767911
1429.09852381209
1426.08900312419
1421.280261742
1418.66995597946
1420.34598988666
1420.07171936507
1417.20579022805
1417.20522070412
1418.21262948702
1420.24326258211
1419.85570602692
1411.5502554221
1413.38477029501
1409.41628160102
1407.56588276108
1404.89859912543
1406.26498699284
1404.02965083775
1409.15139835734
1405.41237790133
1405.71353942953
1461.33198309628
1457.88786533419
1454.87805688744
1442.58543962316
1439.52441159886
1437.19756012576
1435.65000813877
1429.55354407997
1431.90601986641
1431.82700101664
1431.87487969087
1421.20847012234
1437.22337778538
1427.53304047747
1428.88654620435
1428.8209464012
1429.21470756235
1420.04698744667
1420.72866705063
1417.83092241035
1409.41450990216
1415.03777330618
1415.34011825516
1415.86832814975
1414.22292723124
1412.90672286142
1408.29776772358
1420.55220220825
1412.33981031038
1418.10288048646
1433.52148378884
1429.6591051502
1419.22081000266
1408.95482429956
1410.50766587594
1411.52851857647
1406.16736260111
1401.76026709272
1406.02202813267
1411.56635296087
1405.67992845629
1402.89829411867
1404.3647286483
1404.17409115729
1404.97972465048
1406.85153857567
1405.33197116845
1400.47982274124
1401.93896071348
1403.11323030724
1400.37925115061
1400.46876823393
1400.00432577198
1402.24766009385
1401.70693232085
1399.38289856256
1396.83022105501
1397.96724770225
1397.96729141846
1397.97546385814
1396.71562802741
1396.43135899559
1397.58100716655
1396.61262811905
1398.35323651601
1396.25430049371
1395.53181371317
1413.51794169943
1394.31906101603
1394.65874081891
1395.70083911651
1394.79691206661
1395.43005965348
1395.81094587231
1395.59275186763
1397.700205434
1397.35327544052
1392.67765649744
1392.58371052743
1393.62921568385
1397.52247307701
1395.5245210977
1392.78230177281
1390.51174766394
1391.83363133627
1391.07102300904
1392.43320951183
1392.6807183479
1392.92714167974
1394.4744431997
1395.12526929611
1454.78782884209
1431.96011782693
1422.75629135497
1415.69258141733
1415.28240256474
1414.95883555161
1414.92320561923
1414.09489281626
1413.47920215104
1414.61173986738
1415.46994717403
1464.48269096994
1421.49089646536
1420.88249161707
1417.37887425238
1417.4395769362
1412.8395851573
1412.95057908593
1410.7512892233
1407.54049796273
1433.81512071763
1418.12049611441
1418.12049611441
1411.09675538811
1399.7006505763
1405.87466002506
1407.48864633645
1406.81483055648
1399.73396796942
1397.27570009024
1397.27570009024
1395.23084006774
1396.63217200447
1397.45641011555
1398.33486701026
1395.97853783352
1390.78107228797
1394.86659134539
1400.32933875567
1401.06567526789
1402.48031431377
1397.71696209527
1398.11490506619
1398.43500029145
1401.73566154788
1401.90516389636
1402.04523388709
1401.44688062028
1397.80032109893
1395.47247605038
1393.76024197581
1389.18007264465
1389.92425865699
1388.08446425209
1388.11981462861
1393.18225699819
1390.89425173949
1393.46362088957
1392.76475070831
1387.11665986181
1387.42348013038
1383.68946320586
1384.01517560229
1379.27203423315
1377.85818974437
1382.43981029253
1383.6885266035
1387.52964218375
1385.30047767895
1384.40494338578
1384.13730932897
1385.10069548473
1390.63996060298
1387.7551964492
1385.73337758844
1384.70628655862
1384.06112872817
1384.66122663843
1406.09274708512
1384.31670985898
1380.0383838618
1380.49374845138
1379.78635335223
1381.7157688298
1381.95381419218
1379.21764531853
1381.05897561794
1381.46562420893
1380.67294227411
1378.8220668503
1383.07160123495
1379.05347321427
1377.3417063563
1377.41147393164
1378.63761428127
1380.25712634797
1378.57148866806
1380.20220588724
1381.50432229235
1379.79494301564
1376.90695631029
1375.78145456882
1375.59043996355
1375.72479653308
1374.65212145452
1375.81908298174
1379.83816813762
1376.44577597957
1378.23559230059
1376.71140853752
1378.55637016732
1377.5893074816
1376.42486684123
1376.42486684123
1374.99244569387
1375.5385003552
1375.59907774405
1372.03246276406
1426.19646284375
1429.21656053178
1415.12522256032
1416.4324560378
1414.52951855619
1413.09323203432
1412.21355021415
1413.405856222
1411.04573533049
1411.41372387754
1398.95313100512
1398.78665686832
1398.03583224585
1397.21782275265
1397.53992163682
1431.17501171692
1419.97257528845
1416.44406116249
1447.26777266767
1433.41134560887
1435.65518560503
1436.45219036956
1433.04443636985
1426.7570920081
1423.29433884541
1417.14447169394
1420.0010214768
1418.36606729051
1409.65709379807
1409.16943871517
1408.92233144991
1408.35767789382
1411.39425025351
1416.60612521031
1420.87079307987
1416.25249025297
1416.29751424065
1442.73946864517
1435.35127215787
1443.81192978818
1433.21236923919
1430.87293606689
1430.87293606689
1431.94517235164
1429.11699564093
1428.66218453909
1428.2830827367
1451.96245319725
1442.53878205875
1434.53983676341
1436.3026044485
1435.34962995702
1428.62726503517
1441.59012814805
1434.51503868209
1427.04944639554
1423.93735283504
1421.4750154255
1425.0782420915
1466.63851391956
1442.02321292733
1435.67589629284
1438.89731898711
1428.28732610247
1424.09133412672
1423.58049114759
1423.82491674729
1423.45982225029
1421.54959542553
1421.51434179702
1446.99439877794
1433.36956824517
1431.14071086919
1431.39283178314
1430.80222151778
1430.51272764893
1426.64667561215
1426.62786841976
1422.30991746442
1423.60185697076
1422.49349637529
1421.93006870622
1422.06921519973
1422.98964972538
1423.84848382768
1422.7291541682
1421.78180463099
1419.6990070407
1421.28197715361
1423.1029626324
1419.99629887224
1431.103531832
1432.57191257574
1425.9405052043
1440.48597368259
1427.42397759739
1426.20945672353
1424.75926797259
1424.34695584698
1424.86098728638
1425.51094157704
1424.62539050556
1438.1766257184
1419.89190637048
1415.02416240559
1444.57865895321
1418.18013717142
1415.63200191883
1414.63121464554
1416.05078606303
1411.06895334717
1411.68171556884
1405.72196973267
1406.94641147565
1404.84231583118
1404.6702592858
1407.10681297252
1408.67755532729
1411.4755682885
1405.81077202762
1406.39293177684
1403.12630697859
1413.93879063554
1408.16570414362
1436.6386375099
1442.39645240736
1429.62688196857
1430.18504560044
1438.9099724353
1431.43660902188
1410.10916755188
1410.58840490684
1410.15586714498
1410.37381373675
1436.55509838236
1423.99399253009
1422.79680594345
1426.96306270551
1432.20403635405
1421.29695664785
1420.34784788018
1415.83045621678
1447.89952900585
1423.94369187342
1435.55626690726
1416.9509817641
1413.72115977612
1412.24833008687
1408.8390599302
1407.61935492862
1407.76340950939
1406.72308835097
1411.68334536639
1422.99441771547
1419.44227434428
1423.66253069513
1421.43204026747
1421.60466117057
1419.30760114916
1426.49847831302
1418.3435627023
1418.75415916615
1415.75582939886
1412.25997622402
1413.02640374074
1417.69804683271
1414.70417023185
1413.90589646827
1411.68837853311
1411.43187721129
1411.47555542178
1414.186737479
1413.23145390904
1413.81397662446
1416.73350794018
1415.5118811746
1416.09969156872
1414.8140182248
1434.61327967572
1409.93992866215
1406.90329614985
1404.96649779011
1398.9004559299
1397.68173781315
1400.77635474116
1395.45702431972
1396.32770101941
1393.35462424666
1394.3797147516
1391.94298820533
1396.17121626676
1393.24774832515
1391.76149359143
1391.88937111995
1391.3003235302
1389.31190902357
1392.48952912966
1393.64244389036
1394.2981534206
1392.44340101606
1394.70130614207
1391.47875436506
1388.96487887785
1386.08501102161
1387.52013093267
1390.12989385127
1390.25109238237
1388.01313108056
